<?xml version="1.0" encoding="UTF-8"?>
<!-- Generated by org.testng.reporters.JUnitXMLReporter -->
<testsuite ignored="0" hostname="Soms-Mac-mini.local" failures="1" tests="3" name="Positive Tests" time="36.734" errors="0" timestamp="2024-01-20T21:55:04 IST">
  <testcase classname="somoCompany.Tests.appValidationsTest" name="submitOrder" time="0.0">
    <failure type="java.lang.RuntimeException" message="java.io.FileNotFoundException: /Users/som/Desktop/AI/SeleniumFrameworkDesign/src/main/java/somoCompany/resources/data.json (No such file or directory)">
      <![CDATA[java.lang.RuntimeException: java.io.FileNotFoundException: /Users/som/Desktop/AI/SeleniumFrameworkDesign/src/main/java/somoCompany/resources/data.json (No such file or directory)
at java.base/java.util.ArrayList.forEach(ArrayList.java:1511)
at java.base/java.util.concurrent.FutureTask.run(FutureTask.java:264)
at java.base/java.util.concurrent.ThreadPoolExecutor.runWorker(ThreadPoolExecutor.java:1136)
at java.base/java.util.concurrent.ThreadPoolExecutor$Worker.run(ThreadPoolExecutor.java:635)
at java.base/java.lang.Thread.run(Thread.java:833)
Caused by: java.io.FileNotFoundException: /Users/som/Desktop/AI/SeleniumFrameworkDesign/src/main/java/somoCompany/resources/data.json (No such file or directory)
at java.base/java.io.FileInputStream.open0(Native Method)
at java.base/java.io.FileInputStream.open(FileInputStream.java:216)
at java.base/java.io.FileInputStream.<init>(FileInputStream.java:157)
at com.fasterxml.jackson.core.TokenStreamFactory._fileInputStream(TokenStreamFactory.java:278)
at com.fasterxml.jackson.core.JsonFactory.createParser(JsonFactory.java:1089)
at com.fasterxml.jackson.databind.ObjectMapper.readValue(ObjectMapper.java:3657)
at somoCompany.TestComponents.BaseTest.readJsonFile(BaseTest.java:87)
at somoCompany.Tests.appValidationsTest.getData(appValidationsTest.java:113)
... 19 more
... Removed 22 stack frames]]>
    </failure>
  </testcase> <!-- submitOrder -->
  <testcase classname="somoCompany.Tests.appValidationsTest" name="submitOrder2" time="32.623"/>
  <testcase classname="somoCompany.Tests.appValidationsTest" name="orderHistoryCheck" time="0.0">
    <skipped/>
  </testcase> <!-- orderHistoryCheck -->
</testsuite> <!-- Positive Tests -->
